Command line:
   moduloprincipalTB_isim_beh.exe
     -simmode  gui
     -simrunnum  0
     -socket  50308

Thu Apr 28 18:03:20 2016


 Elaboration Time: 0.171602 sec

 Current Memory Usage: 670.818 Meg

 Total Signals          : 57
 Total Nets             : 2442
 Total Signal Drivers   : 17
 Total Blocks           : 15
 Total Primitive Blocks : 13
 Total Processes        : 15
 Total Traceable Variables  : 11
 Total Scalar Nets and Variables : 2821
Total Line Count : 55

 Total Simulation Time: 0.202802 sec

 Current Memory Usage: 985.391 Meg

Thu Apr 28 18:03:55 2016

